<?xml version="1.0" encoding="UTF-8"?>
<!-- Generated by org.testng.reporters.JUnitReportReporter -->
<testsuite hostname="BLRKEC440697L" failures="0" tests="1" name="testCases.TCC_005_UpdateAccount" time="4.177" errors="0" timestamp="2025-06-17T18:38:54 IST" skipped="0">
  <testcase classname="testCases.TCC_005_UpdateAccount" name="verify_account_updation" time="4.177"/>
</testsuite> <!-- testCases.TCC_005_UpdateAccount -->
