<?xml version="1.0" encoding="UTF-8"?>
<!-- Generated by org.testng.reporters.JUnitReportReporter -->
<testsuite hostname="BLRKEC440697L" failures="0" tests="1" name="testCases.TC_002_LoginTest" time="3.316" errors="0" timestamp="2025-05-07T19:34:33 IST" skipped="0">
  <testcase classname="testCases.TC_002_LoginTest" name="verify_Login" time="3.316"/>
</testsuite> <!-- testCases.TC_002_LoginTest -->
