<?xml version="1.0" encoding="UTF-8"?>
<!-- Generated by org.testng.reporters.JUnitReportReporter -->
<testsuite hostname="BLRKEC440697L" failures="0" tests="1" name="testCases.TC_001_AccountRegistrationTest" time="4.329" errors="0" timestamp="2025-05-07T19:42:29 IST" skipped="0">
  <testcase classname="testCases.TC_001_AccountRegistrationTest" name="verify_account_registration" time="4.329"/>
</testsuite> <!-- testCases.TC_001_AccountRegistrationTest -->
