<?xml version="1.0" encoding="UTF-8"?>
<!-- Generated by org.testng.reporters.JUnitReportReporter -->
<testsuite hostname="BLRKEC440697L" failures="0" tests="1" name="testCases.TC_001_AccountRegistrationTest" time="3.320" errors="0" timestamp="2025-06-17T15:27:31 IST" skipped="0">
  <testcase classname="testCases.TC_001_AccountRegistrationTest" name="verify_account_registration" time="3.320"/>
</testsuite> <!-- testCases.TC_001_AccountRegistrationTest -->
