<?xml version="1.0" encoding="UTF-8"?>
<!-- Generated by org.testng.reporters.JUnitReportReporter -->
<testsuite hostname="BLRKEC440697L" failures="0" tests="1" name="testBase.TC_001_AccountRegistrationTest" time="3.716" errors="0" timestamp="2025-05-05T18:30:27 IST" skipped="0">
  <testcase classname="testBase.TC_001_AccountRegistrationTest" name="verify_account_registration" time="3.716"/>
</testsuite> <!-- testBase.TC_001_AccountRegistrationTest -->
